c:\users\osaman\documents\visual studio 2015\projects\br\br\x64\debug\vc140.pdb
c:\users\osaman\documents\visual studio 2015\projects\br\br\x64\debug\vc140.idb
c:\users\osaman\documents\visual studio 2015\projects\br\br\x64\debug\source1.obj
c:\users\osaman\documents\visual studio 2015\projects\br\br\x64\debug\source2.obj
c:\users\osaman\documents\visual studio 2015\projects\br\br\x64\debug\source3.obj
c:\users\osaman\documents\visual studio 2015\projects\br\br\x64\debug\trackbars.obj
c:\users\osaman\documents\visual studio 2015\projects\br\br\x64\debug\colored_trackbar.obj
c:\users\osaman\documents\visual studio 2015\projects\br\br\x64\debug\voronoi.obj
c:\users\osaman\documents\visual studio 2015\projects\br\br\x64\debug\mog and mog2.obj
c:\users\osaman\documents\visual studio 2015\projects\br\br\x64\debug\read_video.obj
c:\users\osaman\documents\visual studio 2015\projects\br\br\x64\debug\br.obj
c:\users\osaman\documents\visual studio 2015\projects\br\br\x64\debug\main.obj
c:\users\osaman\documents\visual studio 2015\projects\br\br\x64\debug\skin_detector.obj
c:\users\osaman\documents\visual studio 2015\projects\br\br\x64\debug\red object.obj
c:\users\osaman\documents\visual studio 2015\projects\br\br\x64\debug\myimage.obj
c:\users\osaman\documents\visual studio 2015\projects\br\br\x64\debug\roi.obj
c:\users\osaman\documents\visual studio 2015\projects\br\br\x64\debug\mmain.obj
c:\users\osaman\documents\visual studio 2015\projects\br\br\x64\debug\handgesture.obj
c:\users\osaman\documents\visual studio 2015\projects\br\br\x64\debug\skin detection.obj
c:\users\osaman\documents\visual studio 2015\projects\br\br\x64\debug\!skin.obj
c:\users\osaman\documents\visual studio 2015\projects\br\br\x64\debug\canny.obj
c:\users\osaman\documents\visual studio 2015\projects\br\br\x64\debug\canny2.obj
c:\users\osaman\documents\visual studio 2015\projects\br\br\x64\debug\!convex_hull.obj
c:\users\osaman\documents\visual studio 2015\projects\br\br\x64\debug\convex_hull.obj
c:\users\osaman\documents\visual studio 2015\projects\br\br\x64\debug\!!skin2.obj
c:\users\osaman\documents\visual studio 2015\projects\br\br\x64\debug\!!!image.obj
c:\users\osaman\documents\visual studio 2015\projects\br\br\x64\debug\!!!main.obj
c:\users\osaman\documents\visual studio 2015\projects\br\br\x64\debug\!!!processing.obj
c:\users\osaman\documents\visual studio 2015\projects\br\br\x64\debug\!!!drawing.obj
c:\users\osaman\documents\visual studio 2015\projects\br\x64\debug\br.ilk
c:\users\osaman\documents\visual studio 2015\projects\br\x64\debug\br.exe
c:\users\osaman\documents\visual studio 2015\projects\br\x64\debug\br.pdb
c:\users\osaman\documents\visual studio 2015\projects\br\br\x64\debug\voronoi.obj.enc
c:\users\osaman\documents\visual studio 2015\projects\br\br\x64\debug\br.tlog\cl.command.1.tlog
c:\users\osaman\documents\visual studio 2015\projects\br\br\x64\debug\br.tlog\cl.read.1.tlog
c:\users\osaman\documents\visual studio 2015\projects\br\br\x64\debug\br.tlog\cl.write.1.tlog
c:\users\osaman\documents\visual studio 2015\projects\br\br\x64\debug\br.tlog\link.command.1.tlog
c:\users\osaman\documents\visual studio 2015\projects\br\br\x64\debug\br.tlog\link.read.1.tlog
c:\users\osaman\documents\visual studio 2015\projects\br\br\x64\debug\br.tlog\link.write.1.tlog
